<?xml version="1.0" encoding="UTF-8"?>
<testsuite xmlns:xsi="http://www.w3.org/2001/XMLSchema-instance" xsi:noNamespaceSchemaLocation="https://maven.apache.org/surefire/maven-surefire-plugin/xsd/surefire-test-report.xsd" version="3.0.2" name="com.programservices.micro_services.MicroServicesApplicationTests" time="8.896" tests="1" errors="0" skipped="0" failures="0">
  <properties>
[...]
</properties>
  <testcase name="shouldCreateProduct" classname="com.programservices.micro_services.MicroServicesApplicationTests" time="0.776">
    <system-out><![CDATA[19:17:55.515 [main] INFO org.springframework.test.context.support.AnnotationConfigContextLoaderUtils -- Could not detect default configuration classes for test class [com.programservices.micro_services.MicroServicesApplicationTests]: MicroServicesApplicationTests does not declare any static, non-private, non-final, nested classes annotated with @Configuration.
19:17:55.649 [main] INFO org.springframework.boot.test.context.SpringBootTestContextBootstrapper -- Found @SpringBootConfiguration com.programservices.micro_services.MicroServicesApplication for test class com.programservices.micro_services.MicroServicesApplicationTests
19:17:55.859 [main] INFO org.testcontainers.images.PullPolicy -- Image pull policy will be performed by: DefaultPullPolicy()
19:17:55.862 [main] INFO org.testcontainers.utility.ImageNameSubstitutor -- Image name substitution will be performed by: DefaultImageNameSubstitutor (composite of 'ConfigurationFileImageNameSubstitutor' and 'PrefixingImageNameSubstitutor')
19:17:55.907 [main] INFO org.testcontainers.DockerClientFactory -- Testcontainers version: 1.20.4
19:17:56.158 [main] INFO org.testcontainers.dockerclient.DockerClientProviderStrategy -- Loaded org.testcontainers.dockerclient.NpipeSocketClientProviderStrategy from ~/.testcontainers.properties, will try it first
19:17:56.506 [main] INFO org.testcontainers.dockerclient.DockerClientProviderStrategy -- Found Docker environment with local Npipe socket (npipe:////./pipe/docker_engine)
19:17:56.508 [main] INFO org.testcontainers.DockerClientFactory -- Docker host IP address is localhost
19:17:56.533 [main] INFO org.testcontainers.DockerClientFactory -- Connected to docker: 
  Server Version: 27.4.0
  API Version: 1.47
  Operating System: Docker Desktop
  Total Memory: 3829 MB
  Labels: 
    com.docker.desktop.address=npipe://\\.\pipe\docker_cli
19:17:56.597 [main] INFO tc.testcontainers/ryuk:0.11.0 -- Creating container for image: testcontainers/ryuk:0.11.0
19:17:56.981 [main] INFO tc.testcontainers/ryuk:0.11.0 -- Container testcontainers/ryuk:0.11.0 is starting: dad76c882d5c0773d141727c43a5e195c0a17f43f37c8170f3a6b6760a571467
19:17:57.705 [main] INFO tc.testcontainers/ryuk:0.11.0 -- Container testcontainers/ryuk:0.11.0 started in PT1.1075951S
19:17:57.715 [main] INFO org.testcontainers.utility.RyukResourceReaper -- Ryuk started - will monitor and terminate Testcontainers containers on JVM exit
19:17:57.715 [main] INFO org.testcontainers.DockerClientFactory -- Checking the system...
19:17:57.717 [main] INFO org.testcontainers.DockerClientFactory -- ✔︎ Docker server version should be at least 1.6.0
19:17:57.717 [main] INFO tc.mongo:4.4.3 -- Creating container for image: mongo:4.4.3
19:17:57.856 [main] INFO tc.mongo:4.4.3 -- Container mongo:4.4.3 is starting: 4e1d84cfbd3259f68cab24e1d9dd2ae62e6cca9a9efc65b76a6efc09348f9eae
19:17:59.311 [main] INFO tc.mongo:4.4.3 -- Container mongo:4.4.3 started in PT1.5940563S

  .   ____          _            __ _ _
 /\\ / ___'_ __ _ _(_)_ __  __ _ \ \ \ \
( ( )\___ | '_ | '_| | '_ \/ _` | \ \ \ \
 \\/  ___)| |_)| | | | | || (_| |  ) ) ) )
  '  |____| .__|_| |_|_| |_\__, | / / / /
 =========|_|==============|___/=/_/_/_/

 :: Spring Boot ::                (v3.4.2)

2025-02-10T19:18:00.073-03:00  INFO 1872 --- [           main] c.p.m.MicroServicesApplicationTests      : Starting MicroServicesApplicationTests using Java 21.0.5 with PID 1872 (started by playe in C:\Users\playe\Downloads\micro-services\micro-services)
2025-02-10T19:18:00.075-03:00  INFO 1872 --- [           main] c.p.m.MicroServicesApplicationTests      : No active profile set, falling back to 1 default profile: "default"
2025-02-10T19:18:01.081-03:00  INFO 1872 --- [           main] .s.d.r.c.RepositoryConfigurationDelegate : Bootstrapping Spring Data MongoDB repositories in DEFAULT mode.
2025-02-10T19:18:01.128-03:00  INFO 1872 --- [           main] .s.d.r.c.RepositoryConfigurationDelegate : Finished Spring Data repository scanning in 40 ms. Found 1 MongoDB repository interface.
2025-02-10T19:18:01.790-03:00  INFO 1872 --- [           main] org.mongodb.driver.client                : MongoClient with metadata {"driver": {"name": "mongo-java-driver|sync|spring-boot", "version": "5.2.1"}, "os": {"type": "Windows", "name": "Windows 11", "architecture": "amd64", "version": "10.0"}, "platform": "Java/Oracle Corporation/21.0.5+9-LTS-239"} created with settings MongoClientSettings{readPreference=primary, writeConcern=WriteConcern{w=null, wTimeout=null ms, journal=null}, retryWrites=true, retryReads=true, readConcern=ReadConcern{level=null}, credential=null, transportSettings=null, commandListeners=[io.micrometer.core.instrument.binder.mongodb.MongoMetricsCommandListener@4a105556], codecRegistry=ProvidersCodecRegistry{codecProviders=[ValueCodecProvider{}, BsonValueCodecProvider{}, DBRefCodecProvider{}, DBObjectCodecProvider{}, DocumentCodecProvider{}, CollectionCodecProvider{}, IterableCodecProvider{}, MapCodecProvider{}, GeoJsonCodecProvider{}, GridFSFileCodecProvider{}, Jsr310CodecProvider{}, JsonObjectCodecProvider{}, BsonCodecProvider{}, EnumCodecProvider{}, com.mongodb.client.model.mql.ExpressionCodecProvider@3a72e2e8, com.mongodb.Jep395RecordCodecProvider@42401b81, com.mongodb.KotlinCodecProvider@f1d1463]}, loggerSettings=LoggerSettings{maxDocumentLength=1000}, clusterSettings={hosts=[localhost:57691], srvServiceName=mongodb, mode=SINGLE, requiredClusterType=UNKNOWN, requiredReplicaSetName='null', serverSelector='null', clusterListeners='[]', serverSelectionTimeout='30000 ms', localThreshold='15 ms'}, socketSettings=SocketSettings{connectTimeoutMS=10000, readTimeoutMS=0, receiveBufferSize=0, proxySettings=ProxySettings{host=null, port=null, username=null, password=null}}, heartbeatSocketSettings=SocketSettings{connectTimeoutMS=10000, readTimeoutMS=10000, receiveBufferSize=0, proxySettings=ProxySettings{host=null, port=null, username=null, password=null}}, connectionPoolSettings=ConnectionPoolSettings{maxSize=100, minSize=0, maxWaitTimeMS=120000, maxConnectionLifeTimeMS=0, maxConnectionIdleTimeMS=0, maintenanceInitialDelayMS=0, maintenanceFrequencyMS=60000, connectionPoolListeners=[io.micrometer.core.instrument.binder.mongodb.MongoMetricsConnectionPoolListener@47ef5a33], maxConnecting=2}, serverSettings=ServerSettings{heartbeatFrequencyMS=10000, minHeartbeatFrequencyMS=500, serverMonitoringMode=AUTO, serverListeners='[]', serverMonitorListeners='[]'}, sslSettings=SslSettings{enabled=false, invalidHostNameAllowed=false, context=null}, applicationName='null', compressorList=[], uuidRepresentation=JAVA_LEGACY, serverApi=null, autoEncryptionSettings=null, dnsClient=null, inetAddressResolver=null, contextProvider=null, timeoutMS=null}
2025-02-10T19:18:01.814-03:00  INFO 1872 --- [localhost:57691] org.mongodb.driver.cluster               : Monitor thread successfully connected to server with description ServerDescription{address=localhost:57691, type=REPLICA_SET_PRIMARY, cryptd=false, state=CONNECTED, ok=true, minWireVersion=0, maxWireVersion=9, maxDocumentSize=16777216, logicalSessionTimeoutMinutes=30, roundTripTimeNanos=25232000, minRoundTripTimeNanos=0, setName='docker-rs', canonicalAddress=4e1d84cfbd32:27017, hosts=[4e1d84cfbd32:27017], passives=[], arbiters=[], primary='4e1d84cfbd32:27017', tagSet=TagSet{[]}, electionId=7fffffff0000000000000001, setVersion=1, topologyVersion=TopologyVersion{processId=67aa7b168cc62c33761d29cd, counter=6}, lastWriteDate=Mon Feb 10 19:17:59 BRT 2025, lastUpdateTimeNanos=222715217336300}
2025-02-10T19:18:02.795-03:00  INFO 1872 --- [           main] o.s.b.t.m.w.SpringBootMockServletContext : Initializing Spring TestDispatcherServlet ''
2025-02-10T19:18:02.796-03:00  INFO 1872 --- [           main] o.s.t.web.servlet.TestDispatcherServlet  : Initializing Servlet ''
2025-02-10T19:18:02.807-03:00  INFO 1872 --- [           main] o.s.b.a.e.web.EndpointLinksResolver      : Exposing 1 endpoint beneath base path '/actuator'
2025-02-10T19:18:02.818-03:00  INFO 1872 --- [           main] o.s.t.web.servlet.TestDispatcherServlet  : Completed initialization in 20 ms
2025-02-10T19:18:02.881-03:00  INFO 1872 --- [           main] c.p.m.MicroServicesApplicationTests      : Started MicroServicesApplicationTests in 3.099 seconds (process running for 8.192)
2025-02-10T19:18:03.618-03:00  INFO 1872 --- [           main] c.p.m.service.ProductService             : Product 67aa7b1b23ce7c5b4ea87c68 created
]]></system-out>
  </testcase>
</testsuite>